2024-03-30T14:29:55.415493-0300 - Primeira atividade iniciada
2024-03-30T14:29:56.416271-0300 - Primeira atividade finalizada
2024-03-30T14:29:56.417195-0300 - Segunda atividade iniciada
2024-03-30T14:29:57.418292-0300 - Segunda atividade finalizada
2024-03-30T14:29:57.418981-0300 - Terceira atividade iniciada
2024-03-30T14:29:58.419594-0300 - Terceira atividade finalizada
2024-03-30T14:29:58.419898-0300 - Pipeline finalizada
2024-03-30T14:30:08.420323-0300 - Primeira atividade iniciada
2024-03-30T14:30:09.421115-0300 - Primeira atividade finalizada
2024-03-30T14:30:09.421638-0300 - Segunda atividade iniciada
2024-03-30T14:30:10.422481-0300 - Segunda atividade finalizada
2024-03-30T14:30:10.423118-0300 - Terceira atividade iniciada
2024-03-30T14:30:11.423924-0300 - Terceira atividade finalizada
2024-03-30T14:30:11.424377-0300 - Pipeline finalizada
2024-03-30T14:30:21.424839-0300 - Primeira atividade iniciada
2024-03-30T14:30:22.425622-0300 - Primeira atividade finalizada
2024-03-30T14:30:22.425956-0300 - Segunda atividade iniciada
2024-03-30T14:30:23.426313-0300 - Segunda atividade finalizada
2024-03-30T14:30:23.427014-0300 - Terceira atividade iniciada
2024-03-30T14:30:24.427822-0300 - Terceira atividade finalizada
2024-03-30T14:30:24.428151-0300 - Pipeline finalizada
2024-03-30T14:30:41.851009-0300 - Primeira atividade iniciada
2024-03-30T14:30:42.851873-0300 - Primeira atividade finalizada
2024-03-30T14:30:42.852707-0300 - Segunda atividade iniciada
2024-03-30T14:30:43.853268-0300 - Segunda atividade finalizada
2024-03-30T14:30:43.853711-0300 - Terceira atividade iniciada
2024-03-30T14:30:44.854368-0300 - Terceira atividade finalizada
2024-03-30T14:30:44.855064-0300 - Pipeline finalizada
2024-03-30T14:30:54.856093-0300 - Primeira atividade iniciada
2024-03-30T14:30:55.857241-0300 - Primeira atividade finalizada
2024-03-30T14:30:55.857771-0300 - Segunda atividade iniciada
2024-03-30T14:30:56.858241-0300 - Segunda atividade finalizada
2024-03-30T14:30:56.858526-0300 - Terceira atividade iniciada
2024-03-30T14:30:57.858893-0300 - Terceira atividade finalizada
2024-03-30T14:30:57.859179-0300 - Pipeline finalizada
2024-03-30T14:31:07.859666-0300 - Primeira atividade iniciada
2024-03-30T14:31:08.860410-0300 - Primeira atividade finalizada
2024-03-30T14:31:08.861043-0300 - Segunda atividade iniciada
2024-03-30T14:31:09.861749-0300 - Segunda atividade finalizada
2024-03-30T14:31:09.862513-0300 - Terceira atividade iniciada
2024-03-30T14:31:10.863395-0300 - Terceira atividade finalizada
2024-03-30T14:31:10.864066-0300 - Pipeline finalizada
2024-03-30T14:31:20.864833-0300 - Primeira atividade iniciada
2024-03-30T14:31:21.865499-0300 - Primeira atividade finalizada
2024-03-30T14:31:21.865822-0300 - Segunda atividade iniciada
2024-03-30T14:31:22.866289-0300 - Segunda atividade finalizada
2024-03-30T14:31:22.866594-0300 - Terceira atividade iniciada
2024-03-30T14:31:23.866890-0300 - Terceira atividade finalizada
2024-03-30T14:31:23.867210-0300 - Pipeline finalizada
2024-03-30T14:31:44.285177-0300 - Primeira atividade iniciada
2024-03-30T14:31:45.285908-0300 - Primeira atividade finalizada
2024-03-30T14:31:45.286658-0300 - Segunda atividade iniciada
2024-03-30T14:31:46.287305-0300 - Segunda atividade finalizada
2024-03-30T14:31:46.287689-0300 - Terceira atividade iniciada
2024-03-30T14:31:47.288108-0300 - Terceira atividade finalizada
2024-03-30T14:31:47.288457-0300 - Pipeline finalizada
2024-03-30T14:31:57.289014-0300 - Primeira atividade iniciada
2024-03-30T14:31:58.289650-0300 - Primeira atividade finalizada
2024-03-30T14:31:58.290323-0300 - Segunda atividade iniciada
2024-03-30T14:31:59.291132-0300 - Segunda atividade finalizada
2024-03-30T14:31:59.291431-0300 - Terceira atividade iniciada
2024-03-30T14:32:00.291691-0300 - Terceira atividade finalizada
2024-03-30T14:32:00.292043-0300 - Pipeline finalizada
2024-03-30T14:32:10.292466-0300 - Primeira atividade iniciada
2024-03-30T14:32:11.293086-0300 - Primeira atividade finalizada
2024-03-30T14:32:11.294051-0300 - Segunda atividade iniciada
2024-03-30T14:32:12.294569-0300 - Segunda atividade finalizada
2024-03-30T14:32:12.295060-0300 - Terceira atividade iniciada
2024-03-30T14:32:13.296273-0300 - Terceira atividade finalizada
2024-03-30T14:32:13.296579-0300 - Pipeline finalizada
2024-03-30T14:32:23.297209-0300 - Primeira atividade iniciada
2024-03-30T14:32:24.297815-0300 - Primeira atividade finalizada
2024-03-30T14:32:24.298555-0300 - Segunda atividade iniciada
2024-03-30T14:32:25.299472-0300 - Segunda atividade finalizada
2024-03-30T14:32:25.299758-0300 - Terceira atividade iniciada
2024-03-30T14:32:26.300769-0300 - Terceira atividade finalizada
2024-03-30T14:32:26.301094-0300 - Pipeline finalizada
2024-03-30T14:32:36.301582-0300 - Primeira atividade iniciada
2024-03-30T14:32:37.302082-0300 - Primeira atividade finalizada
2024-03-30T14:32:37.302986-0300 - Segunda atividade iniciada
2024-03-30T14:32:38.303948-0300 - Segunda atividade finalizada
2024-03-30T14:32:38.304313-0300 - Terceira atividade iniciada
2024-03-30T14:32:39.304771-0300 - Terceira atividade finalizada
2024-03-30T14:32:39.305100-0300 - Pipeline finalizada
2024-03-30T14:32:49.305585-0300 - Primeira atividade iniciada
2024-03-30T14:32:50.306210-0300 - Primeira atividade finalizada
2024-03-30T14:32:50.306702-0300 - Segunda atividade iniciada
2024-03-30T14:32:51.307242-0300 - Segunda atividade finalizada
2024-03-30T14:32:51.307812-0300 - Terceira atividade iniciada
2024-03-30T14:33:03.144191-0300 - Primeira atividade iniciada
2024-03-30T14:33:04.144673-0300 - Primeira atividade finalizada
2024-03-30T14:33:04.144992-0300 - Segunda atividade iniciada
2024-03-30T14:33:05.145553-0300 - Segunda atividade finalizada
2024-03-30T14:33:05.146303-0300 - Terceira atividade iniciada
2024-03-30T14:33:06.147179-0300 - Terceira atividade finalizada
2024-03-30T14:33:06.147960-0300 - Pipeline finalizada
2024-03-30T14:33:08.194943-0300 - Primeira atividade iniciada
2024-03-30T14:33:09.195604-0300 - Primeira atividade finalizada
2024-03-30T14:33:09.195967-0300 - Segunda atividade iniciada
2024-03-30T14:33:10.196473-0300 - Segunda atividade finalizada
2024-03-30T14:33:10.196930-0300 - Terceira atividade iniciada
2024-03-30T14:33:11.197497-0300 - Terceira atividade finalizada
2024-03-30T14:33:11.198061-0300 - Pipeline finalizada
2024-03-30T14:33:16.148566-0300 - Primeira atividade iniciada
2024-03-30T14:33:17.149449-0300 - Primeira atividade finalizada
2024-03-30T14:33:17.150210-0300 - Segunda atividade iniciada
2024-03-30T14:33:18.151054-0300 - Segunda atividade finalizada
2024-03-30T14:33:18.151734-0300 - Terceira atividade iniciada
2024-03-30T14:33:19.152559-0300 - Terceira atividade finalizada
2024-03-30T14:33:19.152853-0300 - Pipeline finalizada
2024-03-30T14:33:21.198533-0300 - Primeira atividade iniciada
2024-03-30T14:33:22.199021-0300 - Primeira atividade finalizada
2024-03-30T14:33:22.199339-0300 - Segunda atividade iniciada
2024-03-30T14:33:23.199834-0300 - Segunda atividade finalizada
2024-03-30T14:33:23.200522-0300 - Terceira atividade iniciada
2024-03-30T14:33:24.200986-0300 - Terceira atividade finalizada
2024-03-30T14:33:24.201542-0300 - Pipeline finalizada
2024-03-30T14:33:29.153432-0300 - Primeira atividade iniciada
2024-03-30T14:33:30.154109-0300 - Primeira atividade finalizada
2024-03-30T14:33:30.154616-0300 - Segunda atividade iniciada
2024-03-30T14:33:31.155348-0300 - Segunda atividade finalizada
2024-03-30T14:33:31.155670-0300 - Terceira atividade iniciada
2024-03-30T14:33:32.156069-0300 - Terceira atividade finalizada
2024-03-30T14:33:32.156806-0300 - Pipeline finalizada
2024-03-30T14:33:34.202203-0300 - Primeira atividade iniciada
2024-03-30T14:33:35.203258-0300 - Primeira atividade finalizada
2024-03-30T14:33:35.203718-0300 - Segunda atividade iniciada
2024-03-30T14:33:36.204284-0300 - Segunda atividade finalizada
2024-03-30T14:33:36.205001-0300 - Terceira atividade iniciada
2024-03-30T14:33:37.206034-0300 - Terceira atividade finalizada
2024-03-30T14:33:37.206654-0300 - Pipeline finalizada
